Chapter 1, chunk 1: domains missing; inferred ['conflict', 'data', 'discipline']
Chapter 2, chunk 1: domains missing; inferred ['psychology', 'timing']
Chapter 1, chunk 1: domains missing; inferred ['conflict', 'data', 'discipline']
Chapter 3, chunk 1: domains missing; inferred ['conflict', 'truth']
Chapter 4, chunk 1: domains missing; inferred ['strategy']
Chapter 3, chunk 1: domains missing; inferred ['conflict', 'psychology', 'timing']
Chapter 4, chunk 1: domains missing; inferred ['conflict', 'truth']
Chapter 5, chunk 1: domains missing; inferred ['psychology', 'conflict', 'power']
Chapter 6, chunk 1: domains missing; inferred ['psychology', 'conflict', 'timing']
Chapter 5, chunk 1: domains missing; inferred ['psychology', 'conflict', 'strategy']
Chapter 6, chunk 1: domains missing; inferred ['psychology', 'conflict', 'truth']
Chapter 7, chunk 1: domains missing; inferred ['psychology', 'conflict', 'risk']
Chapter 8, chunk 1: domains missing; inferred ['conflict', 'psychology', 'timing']
Chapter 8, chunk 1: domains missing; inferred ['psychology', 'base', 'timing']
Chapter 7, chunk 1: domains missing; inferred ['psychology', 'risk', 'timing']
Chapter 10, chunk 1: domains missing; inferred ['psychology', 'strategy', 'timing']
Chapter 9, chunk 1: domains missing; inferred ['psychology']
Chapter 10, chunk 1: domains missing; inferred ['psychology', 'timing']
Chapter 11, chunk 1: domains missing; inferred ['timing', 'psychology', 'data']
Chapter 12, chunk 1: domains missing; inferred ['timing']
Chapter 11, chunk 1: domains missing; inferred ['psychology', 'timing', 'data']
Chapter 12, chunk 1: domains missing; inferred ['timing', 'psychology', 'power']
Chapter 13, chunk 1: domains missing; inferred ['timing', 'psychology', 'discipline']
Chapter 14, chunk 1: domains missing; inferred ['timing', 'truth', 'data']
Chapter 13, chunk 1: domains missing; inferred ['timing', 'truth']
Chapter 14, chunk 1: domains missing; inferred ['truth', 'psychology', 'discipline']
Chapter 15, chunk 1: domains missing; inferred ['timing', 'data', 'power']
Chapter 16, chunk 1: domains missing; inferred ['truth', 'psychology', 'discipline']
Chapter 15, chunk 1: domains missing; inferred ['timing', 'psychology', 'strategy']
Chapter 16, chunk 1: domains missing; inferred ['timing', 'psychology', 'power']
Chapter 17, chunk 1: domains missing; inferred ['timing', 'psychology', 'strategy']
Chapter 18, chunk 1: domains missing; inferred ['timing', 'power', 'data']
Chapter 17, chunk 1: domains missing; inferred ['power', 'executor', 'risk']
Chapter 18, chunk 1: domains missing; inferred ['strategy', 'constraints', 'timing']
Chapter 19, chunk 1: domains missing; inferred ['psychology', 'timing', 'power']
Chapter 20, chunk 1: domains missing; inferred ['strategy', 'power', 'constraints']
Chapter 19, chunk 1: domains missing; inferred ['adaptation', 'timing']
Chapter 20, chunk 1: domains missing; inferred ['psychology', 'timing', 'conflict']
Chapter 21, chunk 1: domains missing; inferred ['timing', 'psychology', 'adaptation']
Chapter 22, chunk 1: domains missing; inferred ['psychology', 'conflict', 'timing']
Chapter 21, chunk 1: domains missing; inferred ['psychology', 'discipline', 'timing']
Chapter 22, chunk 1: domains missing; inferred ['timing', 'power', 'conflict']
Chapter 23, chunk 1: domains missing; inferred ['psychology', 'discipline', 'base']
Chapter 24, chunk 1: domains missing; inferred ['power', 'registry', 'strategy']
Chapter 23, chunk 1: domains missing; inferred ['timing', 'optionality', 'risk']
Chapter 24, chunk 1: domains missing; inferred ['timing', 'risk']
Chapter 25, chunk 1: domains missing; inferred ['timing', 'conflict', 'power']
Chapter 26, chunk 1: domains missing; inferred ['timing', 'risk', 'optionality']
Chapter 25, chunk 1: domains missing; inferred ['strategy']
Chapter 26, chunk 1: domains missing; inferred ['timing', 'data', 'psychology']
Chapter 27, chunk 1: domains missing; inferred ['timing', 'data', 'psychology']
Chapter 28, chunk 1: domains missing; inferred ['timing', 'conflict', 'psychology']
Chapter 27, chunk 1: domains missing; inferred ['psychology', 'data', 'timing']
Chapter 28, chunk 1: domains missing; inferred ['timing', 'strategy', 'conflict']
Chapter 29, chunk 1: domains missing; inferred ['timing', 'data', 'optionality']
Chapter 30, chunk 1: domains missing; inferred ['psychology', 'timing', 'technology']
Chapter 29, chunk 1: domains missing; inferred ['data', 'timing']
Chapter 30, chunk 1: domains missing; inferred ['psychology', 'power', 'technology']
Chapter 31, chunk 1: domains missing; inferred ['timing', 'technology']
Chapter 32, chunk 1: domains missing; inferred ['base', 'conflict', 'discipline']
Chapter 33, chunk 1: domains missing; inferred ['base']
Chapter 1, chunk 1: domains missing; inferred ['conflict', 'data', 'discipline']
Chapter 2, chunk 1: domains missing; inferred ['psychology', 'timing', 'conflict']
Chapter 3, chunk 1: domains missing; inferred ['conflict', 'psychology', 'timing']
Chapter 4, chunk 1: domains missing; inferred ['psychology', 'conflict', 'strategy']
Chapter 5, chunk 1: domains missing; inferred ['psychology', 'conflict', 'risk']
Chapter 6, chunk 1: domains missing; inferred ['psychology', 'base', 'timing']
Chapter 8, chunk 1: domains missing; inferred ['psychology', 'data', 'strategy']
Chapter 7, chunk 1: domains missing; inferred ['conflict', 'psychology', 'timing']
Chapter 9, chunk 1: domains missing; inferred ['timing', 'psychology']
Chapter 10, chunk 1: domains missing; inferred ['timing', 'psychology', 'power']
Chapter 11, chunk 1: domains missing; inferred ['timing', 'discipline', 'truth']
Chapter 12, chunk 1: domains missing; inferred ['timing', 'data', 'power']
Chapter 14, chunk 1: domains missing; inferred ['timing', 'psychology', 'truth']
Chapter 13, chunk 1: domains missing; inferred ['timing', 'truth']
Chapter 15, chunk 1: domains missing; inferred ['timing', 'power', 'data']
Chapter 16, chunk 1: domains missing; inferred ['psychology', 'power', 'timing']
Chapter 17, chunk 1: domains missing; inferred ['strategy', 'timing', 'adaptation']
Chapter 18, chunk 1: domains missing; inferred ['strategy']
Chapter 20, chunk 1: domains missing; inferred ['timing', 'psychology', 'conflict']
Chapter 19, chunk 1: domains missing; inferred ['psychology', 'timing', 'conflict']
Chapter 21, chunk 1: domains missing; inferred ['timing', 'risk', 'optionality']
Chapter 22, chunk 1: domains missing; inferred ['timing', 'data']
Chapter 23, chunk 1: domains missing; inferred ['psychology', 'data', 'timing']
Chapter 25, chunk 1: domains missing; inferred ['timing', 'conflict', 'psychology']
Chapter 26, chunk 1: domains missing; inferred ['timing', 'psychology', 'power']
Chapter 27, chunk 1: domains missing; inferred ['base', 'conflict', 'discipline']
