Chapter 2, chunk 1: domains missing; inferred ['base', 'timing', 'psychology']
Chapter 1, chunk 1: domains missing; inferred ['base', 'timing', 'psychology']
Chapter 2, chunk 1: domains missing; inferred ['timing', 'psychology', 'truth']
Chapter 3, chunk 1: domains missing; inferred ['timing', 'constraints', 'executor']
Chapter 4, chunk 1: domains missing; inferred ['timing', 'strategy', 'base']
Chapter 3, chunk 1: domains missing; inferred ['power', 'base', 'timing']
Chapter 4, chunk 1: domains missing; inferred ['timing', 'base', 'conflict']
Chapter 5, chunk 1: domains missing; inferred ['timing', 'base', 'conflict']
Chapter 6, chunk 1: domains missing; inferred ['conflict', 'base', 'risk']
Chapter 6, chunk 1: domains missing; inferred ['power', 'base', 'risk']
Chapter 5, chunk 1: domains missing; inferred ['power', 'timing', 'strategy']
Chapter 7, chunk 1: domains missing; inferred ['truth', 'timing', 'power']
Chapter 8, chunk 1: domains missing; inferred ['timing', 'conflict', 'base']
Chapter 7, chunk 1: domains missing; inferred ['timing', 'base', 'truth']
Chapter 8, chunk 1: domains missing; inferred ['timing', 'data', 'discipline']
Chapter 9, chunk 1: domains missing; inferred ['timing', 'risk', 'constraints']
Chapter 10, chunk 1: domains missing; inferred ['power', 'timing', 'truth']
Chapter 9, chunk 1: domains missing; inferred ['strategy', 'timing', 'power']
Chapter 10, chunk 1: domains missing; inferred ['psychology', 'truth', 'data']
Chapter 11, chunk 1: domains missing; inferred ['discipline', 'timing', 'truth']
Chapter 12, chunk 1: domains missing; inferred ['timing', 'discipline', 'truth']
Chapter 11, chunk 1: domains missing; inferred ['timing', 'power', 'psychology']
Chapter 12, chunk 1: domains missing; inferred ['power', 'timing']
Chapter 13, chunk 1: domains missing; inferred ['power', 'discipline', 'timing']
Chapter 14, chunk 1: domains missing; inferred ['discipline', 'risk', 'timing']
Chapter 16, chunk 1: domains missing; inferred ['timing', 'power', 'discipline']
Chapter 17, chunk 1: domains missing; inferred ['timing', 'truth', 'base']
Chapter 18, chunk 1: domains missing; inferred ['timing', 'truth', 'base']
Chapter 19, chunk 1: domains missing; inferred ['power', 'timing', 'base']
Chapter 3, chunk 1: domains missing; inferred ['timing', 'psychology', 'truth']
Chapter 2, chunk 1: domains missing; inferred ['base', 'timing', 'psychology']
Chapter 4, chunk 1: domains missing; inferred ['power', 'risk', 'timing']
Chapter 5, chunk 1: domains missing; inferred ['power', 'base', 'discipline']
Chapter 6, chunk 1: domains missing; inferred ['timing', 'psychology', 'registry']
Chapter 7, chunk 1: domains missing; inferred ['timing', 'power', 'data']
Chapter 8, chunk 1: domains missing; inferred ['power', 'strategy']
Chapter 9, chunk 1: domains missing; inferred ['timing', 'strategy', 'base']
Chapter 10, chunk 1: domains missing; inferred ['timing', 'constraints', 'power']
Chapter 11, chunk 1: domains missing; inferred ['timing', 'psychology']
Chapter 12, chunk 1: domains missing; inferred ['timing', 'conflict', 'base']
Chapter 13, chunk 1: domains missing; inferred ['power', 'timing', 'strategy']
Chapter 14, chunk 1: domains missing; inferred ['timing', 'discipline', 'power']
Chapter 15, chunk 1: domains missing; inferred ['timing', 'psychology', 'truth']
Chapter 16, chunk 1: domains missing; inferred ['power', 'timing', 'truth']
Chapter 17, chunk 1: domains missing; inferred ['timing', 'data', 'discipline']
Chapter 18, chunk 1: domains missing; inferred ['power', 'data', 'timing']
Chapter 19, chunk 1: domains missing; inferred ['psychology', 'timing', 'truth']
Chapter 20, chunk 1: domains missing; inferred ['discipline', 'timing', 'power']
Chapter 21, chunk 1: domains missing; inferred ['timing', 'power', 'psychology']
Chapter 22, chunk 1: domains missing; inferred ['timing', 'truth', 'base']
