Chapter 2, chunk 1: domains missing; inferred ['data', 'truth', 'base']
Chapter 1, chunk 1: domains missing; inferred ['timing']
Chapter 1, chunk 1: domains missing; inferred ['data', 'timing', 'truth']
Chapter 3, chunk 1: domains missing; inferred ['power', 'conflict', 'risk']
Chapter 3, chunk 1: domains missing; inferred ['power', 'conflict', 'risk']
Chapter 1, chunk 1: domains missing; inferred ['data', 'timing', 'truth']
Chapter 3, chunk 1: domains missing; inferred ['strategy']
Chapter 4, chunk 1: domains missing; inferred ['power', 'risk']
Chapter 4, chunk 1: domains missing; inferred ['timing', 'strategy', 'constraints']
Chapter 5, chunk 1: domains missing; inferred ['timing', 'power', 'strategy']
Chapter 4, chunk 1: domains missing; inferred ['timing', 'strategy', 'constraints']
Chapter 5, chunk 1: domains missing; inferred ['timing', 'power', 'strategy']
Chapter 5, chunk 1: domains missing; inferred ['conflict', 'power', 'timing']
Chapter 6, chunk 1: domains missing; inferred ['timing', 'strategy', 'constraints']
Chapter 6, chunk 1: domains missing; inferred ['strategy']
Chapter 6, chunk 1: domains missing; inferred ['strategy']
Chapter 7, chunk 1: domains missing; inferred ['registry']
Chapter 7, chunk 1: domains missing; inferred ['registry']
Chapter 8, chunk 1: domains missing; inferred ['timing', 'strategy', 'truth']
Chapter 9, chunk 1: domains missing; inferred ['risk', 'constraints', 'diplomacy']
Chapter 9, chunk 1: domains missing; inferred ['timing', 'truth']
Chapter 8, chunk 1: domains missing; inferred ['timing', 'strategy', 'truth']
Chapter 9, chunk 1: domains missing; inferred ['risk', 'constraints', 'diplomacy']
Chapter 10, chunk 1: domains missing; inferred ['risk', 'diplomacy', 'power']
Chapter 10, chunk 1: domains missing; inferred ['power', 'timing', 'optionality']
Chapter 11, chunk 1: domains missing; inferred ['timing', 'base', 'constraints']
Chapter 11, chunk 1: domains missing; inferred ['psychology', 'timing', 'truth']
Chapter 10, chunk 1: domains missing; inferred ['power', 'timing', 'optionality']
Chapter 11, chunk 1: domains missing; inferred ['timing', 'base', 'constraints']
Chapter 12, chunk 1: domains missing; inferred ['strategy']
Chapter 12, chunk 1: domains missing; inferred ['timing', 'executor', 'risk']
Chapter 13, chunk 1: domains missing; inferred ['technology', 'timing', 'optionality']
Chapter 13, chunk 1: domains missing; inferred ['discipline', 'timing']
Chapter 12, chunk 1: domains missing; inferred ['timing', 'executor', 'risk']
Chapter 13, chunk 1: domains missing; inferred ['technology', 'timing', 'optionality']
Chapter 14, chunk 1: domains missing; inferred ['power', 'timing', 'constraints']
Chapter 14, chunk 1: domains missing; inferred ['timing']
Chapter 15, chunk 1: domains missing; inferred ['discipline', 'power', 'risk']
Chapter 15, chunk 1: domains missing; inferred ['optionality', 'strategy', 'timing']
Chapter 14, chunk 1: domains missing; inferred ['timing']
Chapter 15, chunk 1: domains missing; inferred ['discipline', 'power', 'risk']
Chapter 16, chunk 1: domains missing; inferred ['timing', 'power']
Chapter 16, chunk 1: domains missing; inferred ['optionality', 'power', 'risk']
Chapter 17, chunk 1: domains missing; inferred ['timing', 'strategy', 'base']
Chapter 17, chunk 1: domains missing; inferred ['strategy']
Chapter 16, chunk 1: domains missing; inferred ['optionality', 'power', 'risk']
Chapter 17, chunk 1: domains missing; inferred ['timing', 'strategy', 'base']
Chapter 18, chunk 1: domains missing; inferred ['timing', 'strategy', 'base']
Chapter 18, chunk 1: domains missing; inferred ['timing', 'power']
Chapter 19, chunk 1: domains missing; inferred ['strategy']
Chapter 19, chunk 1: domains missing; inferred ['strategy', 'discipline', 'timing']
Chapter 18, chunk 1: domains missing; inferred ['timing', 'power']
Chapter 19, chunk 1: domains missing; inferred ['strategy']
Chapter 20, chunk 1: domains missing; inferred ['timing', 'base', 'discipline']
Chapter 20, chunk 1: domains missing; inferred ['timing', 'strategy', 'base']
Chapter 21, chunk 1: domains missing; inferred ['strategy', 'timing', 'truth']
Chapter 21, chunk 1: domains missing; inferred ['power', 'truth', 'base']
Chapter 20, chunk 1: domains missing; inferred ['timing', 'strategy', 'base']
Chapter 21, chunk 1: domains missing; inferred ['strategy', 'timing', 'truth']
Chapter 22, chunk 1: domains missing; inferred ['timing', 'technology', 'base']
Chapter 22, chunk 1: domains missing; inferred ['discipline', 'optionality', 'strategy']
Chapter 23, chunk 1: domains missing; inferred ['power', 'truth', 'base']
Chapter 23, chunk 1: domains missing; inferred ['power', 'strategy', 'psychology']
Chapter 23, chunk 1: domains missing; inferred ['power', 'truth', 'base']
Chapter 22, chunk 1: domains missing; inferred ['discipline', 'optionality', 'strategy']
Chapter 24, chunk 1: domains missing; inferred ['strategy', 'timing', 'power']
Chapter 24, chunk 1: domains missing; inferred ['optionality', 'power', 'timing']
Chapter 25, chunk 1: domains missing; inferred ['timing', 'technology', 'base']
Chapter 25, chunk 1: domains missing; inferred ['strategy', 'timing', 'risk']
Chapter 24, chunk 1: domains missing; inferred ['optionality', 'power', 'timing']
Chapter 25, chunk 1: domains missing; inferred ['timing', 'technology', 'base']
Chapter 26, chunk 1: domains missing; inferred ['strategy', 'timing', 'power']
Chapter 26, chunk 1: domains missing; inferred ['strategy']
Chapter 27, chunk 1: domains missing; inferred ['power', 'strategy', 'timing']
Chapter 27, chunk 1: domains missing; inferred ['timing', 'strategy', 'discipline']
Chapter 26, chunk 1: domains missing; inferred ['strategy']
Chapter 27, chunk 1: domains missing; inferred ['power', 'strategy', 'timing']
Chapter 28, chunk 1: domains missing; inferred ['timing']
Chapter 28, chunk 1: domains missing; inferred ['optionality']
Chapter 29, chunk 1: domains missing; inferred ['optionality', 'diplomacy', 'power']
Chapter 28, chunk 1: domains missing; inferred ['optionality']
Chapter 29, chunk 1: domains missing; inferred ['optionality', 'diplomacy', 'power']
Chapter 30, chunk 1: domains missing; inferred ['timing', 'constraints', 'strategy']
Chapter 31, chunk 1: domains missing; inferred ['timing', 'constraints', 'strategy']
Chapter 30, chunk 1: domains missing; inferred ['strategy', 'timing', 'power']
Chapter 31, chunk 1: domains missing; inferred ['strategy', 'timing', 'risk']
Chapter 30, chunk 1: domains missing; inferred ['strategy', 'timing', 'power']
Chapter 31, chunk 1: domains missing; inferred ['strategy', 'timing', 'risk']
Chapter 32, chunk 1: domains missing; inferred ['timing', 'power', 'base']
Chapter 33, chunk 1: domains missing; inferred ['strategy', 'power', 'timing']
Chapter 32, chunk 1: domains missing; inferred ['strategy', 'timing', 'power']
Chapter 33, chunk 1: domains missing; inferred ['timing', 'strategy', 'discipline']
Chapter 32, chunk 1: domains missing; inferred ['strategy', 'timing', 'power']
Chapter 33, chunk 1: domains missing; inferred ['timing', 'strategy', 'discipline']
Chapter 34, chunk 1: domains missing; inferred ['timing']
Chapter 35, chunk 1: domains missing; inferred ['strategy', 'base', 'power']
Chapter 34, chunk 1: domains missing; inferred ['timing', 'strategy', 'constraints']
Chapter 35, chunk 1: domains missing; inferred ['constraints', 'timing', 'power']
Chapter 35, chunk 1: domains missing; inferred ['constraints', 'timing', 'power']
]
Chapter 36, chunk 1: domains missing; inferred ['strategy', 'truth', 'constraints']
Chapter 37, chunk 1: domains missing; inferred ['risk', 'timing', 'strategy']
Chapter 36, chunk 1: domains missing; inferred ['timing', 'constraints', 'strategy']
Chapter 37, chunk 1: domains missing; inferred ['timing', 'truth', 'power']
Chapter 36, chunk 1: domains missing; inferred ['timing', 'constraints', 'strategy']
Chapter 37, chunk 1: domains missing; inferred ['timing', 'truth', 'power']
Chapter 38, chunk 1: domains missing; inferred ['constraints', 'strategy', 'truth']
Chapter 39, chunk 1: domains missing; inferred ['risk', 'timing', 'power']
Chapter 38, chunk 1: domains missing; inferred ['timing', 'strategy', 'conflict']
Chapter 39, chunk 1: domains missing; inferred ['strategy', 'power', 'truth']
Chapter 39, chunk 1: domains missing; inferred ['strategy', 'power', 'truth']
Chapter 38, chunk 1: domains missing; inferred ['timing', 'strategy', 'conflict']
Chapter 40, chunk 1: domains missing; inferred ['risk', 'strategy']
Chapter 41, chunk 1: domains missing; inferred ['timing', 'constraints', 'strategy']
Chapter 40, chunk 1: domains missing; inferred ['strategy', 'truth', 'constraints']
Chapter 41, chunk 1: domains missing; inferred ['risk', 'timing', 'strategy']
Chapter 41, chunk 1: domains missing; inferred ['risk', 'timing', 'strategy']
Chapter 40, chunk 1: domains missing; inferred ['strategy', 'truth', 'constraints']
Chapter 42, chunk 1: domains missing; inferred ['truth', 'power', 'timing']
Chapter 43, chunk 1: domains missing; inferred ['strategy', 'constraints', 'risk']
Chapter 42, chunk 1: domains missing; inferred ['constraints', 'timing', 'data']
Chapter 43, chunk 1: domains missing; inferred ['constraints', 'optionality', 'strategy']
Chapter 42, chunk 1: domains missing; inferred ['constraints', 'timing', 'data']
Chapter 43, chunk 1: domains missing; inferred ['constraints', 'optionality', 'strategy']
Chapter 44, chunk 1: domains missing; inferred ['constraints']
Chapter 45, chunk 1: domains missing; inferred ['timing', 'constraints', 'power']
Chapter 44, chunk 1: domains missing; inferred ['risk', 'timing', 'power']
Chapter 45, chunk 1: domains missing; inferred ['discipline']
Chapter 44, chunk 1: domains missing; inferred ['risk', 'timing', 'power']
Chapter 45, chunk 1: domains missing; inferred ['discipline']
Chapter 46, chunk 1: domains missing; inferred ['timing']
Chapter 47, chunk 1: domains missing; inferred ['constraints', 'power', 'risk']
Chapter 46, chunk 1: domains missing; inferred ['strategy']
Chapter 47, chunk 1: domains missing; inferred ['timing', 'strategy', 'constraints']
Chapter 46, chunk 1: domains missing; inferred ['strategy']
Chapter 47, chunk 1: domains missing; inferred ['timing', 'strategy', 'constraints']
Chapter 48, chunk 1: domains missing; inferred ['constraints', 'timing', 'technology']
Chapter 49, chunk 1: domains missing; inferred ['timing', 'truth', 'technology']
Chapter 48, chunk 1: domains missing; inferred ['truth', 'strategy', 'timing']
Chapter 49, chunk 1: domains missing; inferred ['power', 'base', 'timing']
Chapter 48, chunk 1: domains missing; inferred ['truth', 'strategy', 'timing']
Chapter 49, chunk 1: domains missing; inferred ['power', 'base', 'timing']
Chapter 50, chunk 1: domains missing; inferred ['truth', 'constraints', 'base']
Chapter 51, chunk 1: domains missing; inferred ['timing', 'constraints', 'truth']
Chapter 50, chunk 1: domains missing; inferred ['strategy', 'timing', 'constraints']
Chapter 51, chunk 1: domains missing; inferred ['constraints']
Chapter 50, chunk 1: domains missing; inferred ['strategy', 'timing', 'constraints']
Chapter 51, chunk 1: domains missing; inferred ['constraints']
Chapter 52, chunk 1: domains missing; inferred ['timing', 'strategy']
Chapter 53, chunk 1: domains missing; inferred ['timing', 'power', 'data']
Chapter 52, chunk 1: domains missing; inferred ['power', 'technology', 'truth']
Chapter 53, chunk 1: domains missing; inferred ['timing', 'constraints']
Chapter 52, chunk 1: domains missing; inferred ['power', 'technology', 'truth']
Chapter 53, chunk 1: domains missing; inferred ['timing', 'constraints']
Chapter 54, chunk 1: domains missing; inferred ['timing', 'technology', 'executor']
Chapter 55, chunk 1: domains missing; inferred ['timing', 'conflict', 'power']
Chapter 54, chunk 1: domains missing; inferred ['constraints', 'timing', 'power']
Chapter 55, chunk 1: domains missing; inferred ['constraints', 'timing', 'truth']
Chapter 54, chunk 1: domains missing; inferred ['constraints', 'timing', 'power']
Chapter 55, chunk 1: domains missing; inferred ['constraints', 'timing', 'truth']
Chapter 56, chunk 1: domains missing; inferred ['power', 'timing', 'conflict']
Chapter 57, chunk 1: domains missing; inferred ['power']
Chapter 56, chunk 1: domains missing; inferred ['timing', 'registry', 'strategy']
Chapter 57, chunk 1: domains missing; inferred ['timing', 'technology', 'executor']
Chapter 57, chunk 1: domains missing; inferred ['timing', 'technology', 'executor']
Chapter 56, chunk 1: domains missing; inferred ['timing', 'registry', 'strategy']
Chapter 58, chunk 1: domains missing; inferred ['truth', 'conflict', 'power']
Chapter 59, chunk 1: domains missing; inferred ['truth']
Chapter 58, chunk 1: domains missing; inferred ['timing', 'conflict', 'power']
Chapter 59, chunk 1: domains missing; inferred ['power', 'timing', 'conflict']
Chapter 59, chunk 1: domains missing; inferred ['power', 'timing', 'conflict']
Chapter 58, chunk 1: domains missing; inferred ['timing', 'conflict', 'power']
Chapter 60, chunk 1: domains missing; inferred ['timing', 'base', 'power']
Chapter 61, chunk 1: domains missing; inferred ['strategy']
Chapter 60, chunk 1: domains missing; inferred ['timing', 'base', 'power']
Chapter 61, chunk 1: domains missing; inferred ['strategy']
Chapter 61, chunk 1: domains missing; inferred ['strategy']
Chapter 60, chunk 1: domains missing; inferred ['timing', 'base', 'power']
Chapter 62, chunk 1: domains missing; inferred ['constraints', 'timing', 'strategy']
Chapter 63, chunk 1: domains missing; inferred ['optionality', 'strategy', 'truth']
Chapter 62, chunk 1: domains missing; inferred ['constraints', 'power', 'technology']
Chapter 63, chunk 1: domains missing; inferred ['timing', 'constraints', 'risk']
Chapter 62, chunk 1: domains missing; inferred ['constraints', 'power', 'technology']
Chapter 64, chunk 1: domains missing; inferred ['optionality', 'timing', 'power']
Chapter 65, chunk 1: domains missing; inferred ['optionality', 'power', 'timing']
Chapter 64, chunk 1: domains missing; inferred ['strategy', 'constraints', 'truth']
Chapter 65, chunk 1: domains missing; inferred ['optionality']
Chapter 65, chunk 1: domains missing; inferred ['optionality']
Chapter 64, chunk 1: domains missing; inferred ['strategy', 'constraints', 'truth']
Chapter 66, chunk 1: domains missing; inferred ['truth', 'base', 'optionality']
Chapter 67, chunk 1: domains missing; inferred ['optionality', 'timing', 'truth']
Chapter 66, chunk 1: domains missing; inferred ['optionality', 'power']
Chapter 67, chunk 1: domains missing; inferred ['optionality', 'timing', 'power']
Chapter 67, chunk 1: domains missing; inferred ['optionality', 'timing', 'power']
Chapter 66, chunk 1: domains missing; inferred ['optionality', 'power']
Chapter 68, chunk 1: domains missing; inferred ['power', 'strategy', 'conflict']
Chapter 69, chunk 1: domains missing; inferred ['timing', 'truth']
Chapter 68, chunk 1: domains missing; inferred ['optionality', 'power', 'timing']
Chapter 69, chunk 1: domains missing; inferred ['power', 'optionality', 'timing']
Chapter 68, chunk 1: domains missing; inferred ['optionality', 'power', 'timing']
Chapter 69, chunk 1: domains missing; inferred ['power', 'optionality', 'timing']
Chapter 70, chunk 1: domains missing; inferred ['timing', 'power', 'constraints']
Chapter 71, chunk 1: domains missing; inferred ['technology', 'power', 'constraints']
Chapter 70, chunk 1: domains missing; inferred ['optionality', 'power', 'timing']
Chapter 71, chunk 1: domains missing; inferred ['optionality', 'power']
Chapter 70, chunk 1: domains missing; inferred ['optionality', 'power', 'timing']
Chapter 71, chunk 1: domains missing; inferred ['optionality', 'power']
Chapter 72, chunk 1: domains missing; inferred ['timing', 'power', 'truth']
Chapter 73, chunk 1: domains missing; inferred ['truth']
Chapter 72, chunk 1: domains missing; inferred ['optionality', 'timing', 'psychology']
Chapter 73, chunk 1: domains missing; inferred ['truth', 'optionality', 'risk']
Chapter 72, chunk 1: domains missing; inferred ['optionality', 'timing', 'psychology']
Chapter 73, chunk 1: domains missing; inferred ['truth', 'optionality', 'risk']
Chapter 74, chunk 1: domains missing; inferred ['discipline', 'constraints', 'optionality']
Chapter 75, chunk 1: domains missing; inferred ['risk', 'timing', 'psychology']
Chapter 74, chunk 1: domains missing; inferred ['optionality', 'registry', 'risk']
Chapter 75, chunk 1: domains missing; inferred ['power', 'strategy', 'timing']
Chapter 74, chunk 1: domains missing; inferred ['optionality', 'registry', 'risk']
Chapter 75, chunk 1: domains missing; inferred ['power', 'strategy', 'timing']
Chapter 76, chunk 1: domains missing; inferred ['conflict', 'constraints', 'timing']
Chapter 77, chunk 1: domains missing; inferred ['base', 'timing', 'power']
Chapter 76, chunk 1: domains missing; inferred ['power', 'strategy', 'conflict']
Chapter 77, chunk 1: domains missing; inferred ['timing', 'conflict', 'power']
Chapter 76, chunk 1: domains missing; inferred ['power', 'strategy', 'conflict']
Chapter 77, chunk 1: domains missing; inferred ['timing', 'conflict', 'power']
Chapter 78, chunk 1: domains missing; inferred ['timing', 'truth', 'base']
Chapter 79, chunk 1: domains missing; inferred ['timing', 'risk', 'truth']
Chapter 78, chunk 1: domains missing; inferred ['timing', 'power', 'constraints']
Chapter 79, chunk 1: domains missing; inferred ['timing']
Chapter 78, chunk 1: domains missing; inferred ['timing', 'power', 'constraints']
Chapter 79, chunk 1: domains missing; inferred ['timing']
Chapter 80, chunk 1: domains missing; inferred ['base', 'timing']
Chapter 81, chunk 1: domains missing; inferred ['timing', 'base', 'power']
Chapter 80, chunk 1: domains missing; inferred ['timing', 'technology', 'power']
Chapter 81, chunk 1: domains missing; inferred ['constraints', 'technology', 'discipline']
Chapter 80, chunk 1: domains missing; inferred ['timing', 'technology', 'power']
Chapter 81, chunk 1: domains missing; inferred ['constraints', 'technology', 'discipline']
Chapter 82, chunk 1: domains missing; inferred ['power', 'conflict', 'strategy']
Chapter 83, chunk 1: domains missing; inferred ['timing', 'technology', 'discipline']
Chapter 82, chunk 1: domains missing; inferred ['optionality', 'discipline']
Chapter 83, chunk 1: domains missing; inferred ['timing', 'truth', 'power']
Chapter 82, chunk 1: domains missing; inferred ['optionality', 'discipline']
Chapter 83, chunk 1: domains missing; inferred ['timing', 'truth', 'power']
Chapter 84, chunk 1: domains missing; inferred ['risk', 'strategy', 'power']
Chapter 85, chunk 1: domains missing; inferred ['strategy', 'truth', 'power']
Chapter 84, chunk 1: domains missing; inferred ['psychology', 'risk', 'strategy']
Chapter 85, chunk 1: domains missing; inferred ['risk', 'timing', 'data']
Chapter 84, chunk 1: domains missing; inferred ['psychology', 'risk', 'strategy']
Chapter 85, chunk 1: domains missing; inferred ['risk', 'timing', 'data']
Chapter 86, chunk 1: domains missing; inferred ['constraints', 'timing', 'power']
Chapter 87, chunk 1: domains missing; inferred ['constraints', 'timing', 'base']
Chapter 86, chunk 1: domains missing; inferred ['strategy']
Chapter 87, chunk 1: domains missing; inferred ['timing', 'conflict', 'constraints']
Chapter 86, chunk 1: domains missing; inferred ['strategy']
Chapter 87, chunk 1: domains missing; inferred ['timing', 'conflict', 'constraints']
Chapter 88, chunk 1: domains missing; inferred ['optionality', 'constraints', 'strategy']
Chapter 89, chunk 1: domains missing; inferred ['base', 'timing', 'constraints']
Chapter 88, chunk 1: domains missing; inferred ['base', 'timing', 'truth']
Chapter 89, chunk 1: domains missing; inferred ['timing', 'risk', 'truth']
Chapter 88, chunk 1: domains missing; inferred ['base', 'timing', 'truth']
Chapter 89, chunk 1: domains missing; inferred ['timing', 'risk', 'truth']
Chapter 90, chunk 1: domains missing; inferred ['timing', 'base', 'risk']
Chapter 91, chunk 1: domains missing; inferred ['timing', 'base', 'strategy']
Chapter 90, chunk 1: domains missing; inferred ['timing', 'base']
Chapter 91, chunk 1: domains missing; inferred ['base', 'risk', 'timing']
Chapter 90, chunk 1: domains missing; inferred ['timing', 'base']
Chapter 91, chunk 1: domains missing; inferred ['base', 'risk', 'timing']
Chapter 92, chunk 1: domains missing; inferred ['timing', 'constraints', 'executor']
Chapter 93, chunk 1: domains missing; inferred ['data', 'base', 'timing']
Chapter 92, chunk 1: domains missing; inferred ['power', 'strategy', 'timing']
Chapter 93, chunk 1: domains missing; inferred ['risk', 'power', 'strategy']
Chapter 92, chunk 1: domains missing; inferred ['power', 'strategy', 'timing']
Chapter 93, chunk 1: domains missing; inferred ['risk', 'power', 'strategy']
Chapter 94, chunk 1: domains missing; inferred ['strategy']
Chapter 95, chunk 1: domains missing; inferred ['timing', 'executor', 'strategy']
Chapter 94, chunk 1: domains missing; inferred ['power', 'base', 'conflict']
Chapter 95, chunk 1: domains missing; inferred ['strategy', 'truth', 'base']
Chapter 94, chunk 1: domains missing; inferred ['power', 'base', 'conflict']
Chapter 95, chunk 1: domains missing; inferred ['strategy', 'truth', 'base']
Chapter 97, chunk 1: domains missing; inferred ['timing', 'discipline']
Chapter 96, chunk 1: domains missing; inferred ['power', 'timing', 'constraints']
Chapter 97, chunk 1: domains missing; inferred ['constraints', 'timing', 'base']
Chapter 96, chunk 1: domains missing; inferred ['power', 'timing', 'constraints']
Chapter 97, chunk 1: domains missing; inferred ['constraints', 'timing', 'base']
Chapter 98, chunk 1: domains missing; inferred ['power', 'conflict', 'diplomacy']
Chapter 99, chunk 1: domains missing; inferred ['risk', 'discipline', 'power']
Chapter 98, chunk 1: domains missing; inferred ['optionality', 'constraints', 'strategy']
Chapter 99, chunk 1: domains missing; inferred ['base', 'timing', 'constraints']
Chapter 98, chunk 1: domains missing; inferred ['optionality', 'constraints', 'strategy']
Chapter 99, chunk 1: domains missing; inferred ['base', 'timing', 'constraints']
Chapter 100, chunk 1: domains missing; inferred ['timing']
Chapter 101, chunk 1: domains missing; inferred ['timing', 'strategy', 'executor']
Chapter 100, chunk 1: domains missing; inferred ['timing', 'base', 'risk']
Chapter 101, chunk 1: domains missing; inferred ['timing', 'base', 'strategy']
Chapter 100, chunk 1: domains missing; inferred ['timing', 'base', 'risk']
Chapter 101, chunk 1: domains missing; inferred ['timing', 'base', 'strategy']
Chapter 102, chunk 1: domains missing; inferred ['strategy', 'timing', 'executor']
Chapter 103, chunk 1: domains missing; inferred ['data', 'strategy', 'timing']
Chapter 102, chunk 1: domains missing; inferred ['timing', 'constraints', 'executor']
Chapter 103, chunk 1: domains missing; inferred ['data', 'base', 'timing']
Chapter 102, chunk 1: domains missing; inferred ['timing', 'constraints', 'executor']
Chapter 103, chunk 1: domains missing; inferred ['data', 'base', 'timing']
Chapter 104, chunk 1: domains missing; inferred ['timing', 'truth', 'conflict']
Chapter 105, chunk 1: domains missing; inferred ['data', 'psychology', 'strategy']
Chapter 104, chunk 1: domains missing; inferred ['truth', 'conflict', 'timing']
Chapter 105, chunk 1: domains missing; inferred ['base', 'strategy', 'constraints']
Chapter 104, chunk 1: domains missing; inferred ['truth', 'conflict', 'timing']
Chapter 105, chunk 1: domains missing; inferred ['base', 'strategy', 'constraints']
Chapter 106, chunk 1: domains missing; inferred ['timing', 'base', 'truth']
Chapter 107, chunk 1: domains missing; inferred ['timing', 'strategy', 'diplomacy']
Chapter 106, chunk 1: domains missing; inferred ['timing', 'executor', 'strategy']
Chapter 107, chunk 1: domains missing; inferred ['timing', 'discipline']
Chapter 106, chunk 1: domains missing; inferred ['timing', 'executor', 'strategy']
Chapter 107, chunk 1: domains missing; inferred ['timing', 'discipline']
Chapter 108, chunk 1: domains missing; inferred ['truth', 'registry', 'timing']
Chapter 109, chunk 1: domains missing; inferred ['technology', 'timing', 'power']
Chapter 108, chunk 1: domains missing; inferred ['strategy']
Chapter 109, chunk 1: domains missing; inferred ['power', 'conflict', 'diplomacy']
Chapter 108, chunk 1: domains missing; inferred ['strategy']
Chapter 109, chunk 1: domains missing; inferred ['power', 'conflict', 'diplomacy']
Chapter 110, chunk 1: domains missing; inferred ['base', 'power']
Chapter 111, chunk 1: domains missing; inferred ['base', 'power', 'timing']
Chapter 110, chunk 1: domains missing; inferred ['risk', 'discipline', 'power']
Chapter 111, chunk 1: domains missing; inferred ['timing', 'strategy', 'data']
Chapter 110, chunk 1: domains missing; inferred ['risk', 'discipline', 'power']
Chapter 111, chunk 1: domains missing; inferred ['timing', 'strategy', 'data']
Chapter 112, chunk 1: domains missing; inferred ['power', 'timing', 'base']
Chapter 113, chunk 1: domains missing; inferred ['timing', 'psychology', 'base']
Chapter 112, chunk 1: domains missing; inferred ['timing', 'executor']
Chapter 113, chunk 1: domains missing; inferred ['timing', 'power', 'strategy']
Chapter 112, chunk 1: domains missing; inferred ['timing', 'executor']
Chapter 113, chunk 1: domains missing; inferred ['timing', 'power', 'strategy']
Chapter 114, chunk 1: domains missing; inferred ['discipline', 'power', 'timing']
Chapter 115, chunk 1: domains missing; inferred ['timing', 'optionality', 'technology']
Chapter 114, chunk 1: domains missing; inferred ['strategy', 'executor', 'registry']
Chapter 115, chunk 1: domains missing; inferred ['strategy', 'registry', 'timing']
Chapter 114, chunk 1: domains missing; inferred ['strategy', 'executor', 'registry']
Chapter 115, chunk 1: domains missing; inferred ['strategy', 'registry', 'timing']
Chapter 116, chunk 1: domains missing; inferred ['timing', 'optionality', 'strategy']
Chapter 117, chunk 1: domains missing; inferred ['base', 'timing', 'strategy']
Chapter 116, chunk 1: domains missing; inferred ['timing', 'truth', 'conflict']
Chapter 117, chunk 1: domains missing; inferred ['timing']
Chapter 116, chunk 1: domains missing; inferred ['timing', 'truth', 'conflict']
Chapter 117, chunk 1: domains missing; inferred ['timing']
Chapter 118, chunk 1: domains missing; inferred ['timing', 'base', 'strategy']
Chapter 119, chunk 1: domains missing; inferred ['timing', 'optionality', 'power']
Chapter 118, chunk 1: domains missing; inferred ['power', 'technology', 'base']
Chapter 119, chunk 1: domains missing; inferred ['base', 'power', 'timing']
Chapter 118, chunk 1: domains missing; inferred ['power', 'technology', 'base']
Chapter 119, chunk 1: domains missing; inferred ['base', 'power', 'timing']
Chapter 120, chunk 1: domains missing; inferred ['optionality', 'risk', 'truth']
Chapter 121, chunk 1: domains missing; inferred ['strategy', 'timing', 'constraints']
Chapter 120, chunk 1: domains missing; inferred ['power', 'timing', 'base']
Chapter 121, chunk 1: domains missing; inferred ['power', 'timing', 'technology']
Chapter 120, chunk 1: domains missing; inferred ['power', 'timing', 'base']
Chapter 121, chunk 1: domains missing; inferred ['power', 'timing', 'technology']
Chapter 122, chunk 1: domains missing; inferred ['timing', 'base', 'power']
Chapter 123, chunk 1: domains missing; inferred ['timing', 'optionality', 'strategy']
Chapter 122, chunk 1: domains missing; inferred ['timing', 'base', 'power']
Chapter 123, chunk 1: domains missing; inferred ['timing', 'optionality', 'strategy']
Chapter 124, chunk 1: domains missing; inferred ['timing', 'base', 'strategy']
Chapter 125, chunk 1: domains missing; inferred ['timing', 'optionality', 'power']
Chapter 124, chunk 1: domains missing; inferred ['timing', 'base', 'strategy']
Chapter 125, chunk 1: domains missing; inferred ['timing', 'optionality', 'power']
Chapter 127, chunk 1: domains missing; inferred ['strategy', 'timing', 'constraints']
Chapter 127, chunk 1: domains missing; inferred ['strategy', 'timing', 'constraints']
Chapter 126, chunk 1: domains missing; inferred ['risk', 'optionality', 'base']
