Chapter 1, chunk 1: domains missing; inferred ['psychology', 'discipline', 'timing']
Chapter 1, chunk 1: domains missing; inferred ['psychology', 'discipline', 'timing']
Chapter 3, chunk 1: domains missing; inferred ['psychology', 'power', 'timing']
Chapter 4, chunk 1: domains missing; inferred ['psychology', 'power', 'timing']
Chapter 3, chunk 1: domains missing; inferred ['timing', 'strategy', 'discipline']
Chapter 4, chunk 1: domains missing; inferred ['psychology', 'power', 'timing']
Chapter 6, chunk 1: domains missing; inferred ['data', 'psychology', 'timing']
Chapter 7, chunk 1: domains missing; inferred ['psychology', 'discipline', 'truth']
Chapter 5, chunk 1: domains missing; inferred ['psychology', 'risk', 'timing']
Chapter 6, chunk 1: domains missing; inferred ['constraints', 'psychology']
Chapter 2, chunk 1: domains missing; inferred ['timing', 'psychology', 'truth']
Chapter 1, chunk 1: domains missing; inferred ['psychology', 'discipline', 'timing']
Chapter 7, chunk 1: domains missing; inferred ['psychology', 'power', 'timing']
Chapter 8, chunk 1: domains missing; inferred ['risk', 'timing', 'power']
Chapter 3, chunk 1: domains missing; inferred ['timing', 'strategy', 'discipline']
Chapter 5, chunk 1: domains missing; inferred ['psychology', 'risk', 'timing']
Chapter 9, chunk 1: domains missing; inferred ['psychology', 'truth', 'base']
Chapter 10, chunk 1: domains missing; inferred ['psychology', 'power', 'conflict']
Chapter 7, chunk 1: domains missing; inferred ['psychology', 'power', 'timing']
Chapter 6, chunk 1: domains missing; inferred ['constraints', 'psychology']
Chapter 11, chunk 1: domains missing; inferred ['psychology', 'truth', 'base']
Chapter 8, chunk 1: domains missing; inferred ['risk', 'timing', 'power']
Chapter 9, chunk 1: domains missing; inferred ['psychology', 'truth', 'base']
Chapter 10, chunk 1: domains missing; inferred ['psychology', 'power', 'conflict']
Chapter 11, chunk 1: domains missing; inferred ['psychology', 'truth', 'base']
