Chapter 110, chunk 1: domains missing; inferred ['psychology', 'power', 'timing']
Chapter 111, chunk 1: domains missing; inferred ['truth', 'power']
Chapter 113, chunk 1: domains missing; inferred ['strategy', 'technology', 'psychology']
Chapter 114, chunk 1: domains missing; inferred ['power']
Chapter 116, chunk 1: domains missing; inferred ['psychology', 'base', 'conflict']
Chapter 117, chunk 1: domains missing; inferred ['power', 'timing', 'conflict']
Chapter 119, chunk 1: domains missing; inferred ['psychology', 'timing', 'power']
Chapter 120, chunk 1: domains missing; inferred ['psychology', 'power', 'strategy']
Chapter 121, chunk 1: domains missing; inferred ['risk', 'conflict', 'base']
Chapter 122, chunk 1: domains missing; inferred ['risk', 'psychology', 'conflict']
Chapter 123, chunk 1: domains missing; inferred ['psychology', 'power', 'strategy']
Chapter 124, chunk 1: domains missing; inferred ['psychology', 'truth', 'constraints']
Chapter 127, chunk 1: domains missing; inferred ['discipline', 'truth', 'constraints']
Chapter 129, chunk 1: domains missing; inferred ['psychology', 'legitimacy', 'data']
Chapter 130, chunk 1: domains missing; inferred ['psychology', 'discipline', 'legitimacy']
Chapter 131, chunk 1: domains missing; inferred ['psychology', 'base', 'constraints']
Chapter 133, chunk 1: domains missing; inferred ['psychology', 'base', 'discipline']
Chapter 134, chunk 1: domains missing; inferred ['psychology', 'base', 'data']
Chapter 135, chunk 1: domains missing; inferred ['psychology', 'discipline', 'strategy']
Chapter 106, chunk 1: domains missing; inferred ['psychology', 'base']
Chapter 109, chunk 1: domains missing; inferred ['power', 'psychology', 'discipline']
Chapter 111, chunk 1: domains missing; inferred ['truth', 'power']
Chapter 115, chunk 1: domains missing; inferred ['psychology']
Chapter 117, chunk 1: domains missing; inferred ['power', 'timing', 'conflict']
Chapter 119, chunk 1: domains missing; inferred ['psychology', 'timing', 'power']
Chapter 121, chunk 1: domains missing; inferred ['risk', 'conflict', 'base']
Chapter 125, chunk 1: domains missing; inferred ['base', 'psychology', 'timing']
Chapter 129, chunk 1: domains missing; inferred ['psychology', 'legitimacy', 'data']
Chapter 131, chunk 1: domains missing; inferred ['psychology', 'base', 'constraints']
Chapter 134, chunk 1: domains missing; inferred ['psychology', 'base', 'data']
Chapter 136, chunk 1: domains missing; inferred ['constraints', 'data', 'diplomacy']
