Chapter 1, chunk 1: domains missing; inferred ['strategy']
Chapter 1, chunk 1: domains missing; inferred ['psychology', 'truth', 'data']
Chapter 2, chunk 1: domains missing; inferred ['psychology', 'risk', 'truth']
Chapter 3, chunk 1: domains missing; inferred ['psychology', 'truth', 'data']
Chapter 4, chunk 1: domains missing; inferred ['truth', 'psychology', 'timing']
Chapter 4, chunk 1: domains missing; inferred ['psychology', 'truth', 'strategy']
Chapter 3, chunk 1: domains missing; inferred ['psychology', 'truth', 'base']
Chapter 6, chunk 1: domains missing; inferred ['base', 'discipline', 'psychology']
Chapter 5, chunk 1: domains missing; inferred ['psychology', 'truth', 'base']
Chapter 6, chunk 1: domains missing; inferred ['psychology', 'truth', 'power']
Chapter 8, chunk 1: domains missing; inferred ['psychology', 'risk', 'base']
Chapter 7, chunk 1: domains missing; inferred ['psychology', 'risk', 'technology']
Chapter 8, chunk 1: domains missing; inferred ['psychology', 'truth', 'data']
Chapter 9, chunk 1: domains missing; inferred ['psychology', 'truth', 'strategy']
Chapter 10, chunk 1: domains missing; inferred ['psychology', 'truth', 'adaptation']
Chapter 9, chunk 1: domains missing; inferred ['psychology', 'base', 'discipline']
Chapter 10, chunk 1: domains missing; inferred ['psychology', 'power', 'truth']
Chapter 11, chunk 1: domains missing; inferred ['psychology', 'truth', 'adaptation']
Chapter 12, chunk 1: domains missing; inferred ['psychology', 'truth', 'data']
Chapter 11, chunk 1: domains missing; inferred ['psychology', 'adaptation', 'truth']
Chapter 12, chunk 1: domains missing; inferred ['timing', 'base', 'psychology']
Chapter 13, chunk 1: domains missing; inferred ['psychology']
Chapter 14, chunk 1: domains missing; inferred ['psychology', 'power', 'truth']
Chapter 13, chunk 1: domains missing; inferred ['psychology', 'truth', 'timing']
Chapter 14, chunk 1: domains missing; inferred ['psychology', 'truth', 'power']
Chapter 15, chunk 1: domains missing; inferred ['psychology', 'truth', 'power']
Chapter 16, chunk 1: domains missing; inferred ['psychology', 'truth', 'risk']
Chapter 15, chunk 1: domains missing; inferred ['psychology', 'base', 'truth']
Chapter 16, chunk 1: domains missing; inferred ['power', 'truth', 'base']
Chapter 17, chunk 1: domains missing; inferred ['timing', 'base', 'psychology']
Chapter 18, chunk 1: domains missing; inferred ['psychology', 'truth', 'data']
Chapter 17, chunk 1: domains missing; inferred ['psychology', 'truth', 'power']
Chapter 18, chunk 1: domains missing; inferred ['psychology', 'power', 'truth']
Chapter 19, chunk 1: domains missing; inferred ['psychology', 'truth', 'timing']
Chapter 20, chunk 1: domains missing; inferred ['psychology', 'base', 'truth']
Chapter 20, chunk 1: domains missing; inferred ['psychology', 'power', 'strategy']
Chapter 19, chunk 1: domains missing; inferred ['power', 'psychology', 'truth']
Chapter 22, chunk 1: domains missing; inferred ['timing', 'constraints', 'legitimacy']
Chapter 21, chunk 1: domains missing; inferred ['psychology', 'base', 'strategy']
Chapter 22, chunk 1: domains missing; inferred ['psychology', 'truth', 'timing']
Chapter 23, chunk 1: domains missing; inferred ['psychology', 'truth', 'power']
Chapter 24, chunk 1: domains missing; inferred ['psychology', 'power', 'truth']
Chapter 23, chunk 1: domains missing; inferred ['psychology', 'power', 'timing']
Chapter 24, chunk 1: domains missing; inferred ['psychology', 'power', 'truth']
Chapter 25, chunk 1: domains missing; inferred ['psychology', 'base', 'truth']
Chapter 26, chunk 1: domains missing; inferred ['psychology']
Chapter 25, chunk 1: domains missing; inferred ['psychology', 'power', 'timing']
Chapter 26, chunk 1: domains missing; inferred ['psychology', 'truth', 'strategy']
Chapter 27, chunk 1: domains missing; inferred ['psychology', 'base', 'power']
Chapter 28, chunk 1: domains missing; inferred ['psychology', 'timing', 'discipline']
Chapter 27, chunk 1: domains missing; inferred ['truth', 'power', 'psychology']
Chapter 28, chunk 1: domains missing; inferred ['psychology', 'base', 'technology']
Chapter 29, chunk 1: domains missing; inferred ['psychology', 'power', 'truth']
Chapter 30, chunk 1: domains missing; inferred ['psychology', 'power', 'timing']
Chapter 29, chunk 1: domains missing; inferred ['psychology', 'truth', 'technology']
Chapter 30, chunk 1: domains missing; inferred ['psychology', 'power', 'discipline']
Chapter 31, chunk 1: domains missing; inferred ['psychology', 'data', 'timing']
Chapter 32, chunk 1: domains missing; inferred ['psychology', 'strategy', 'truth']
Chapter 31, chunk 1: domains missing; inferred ['psychology', 'technology', 'truth']
Chapter 32, chunk 1: domains missing; inferred ['psychology', 'power', 'truth']
Chapter 33, chunk 1: domains missing; inferred ['psychology', 'power', 'truth']
Chapter 34, chunk 1: domains missing; inferred ['psychology', 'technology', 'truth']
Chapter 33, chunk 1: domains missing; inferred ['psychology', 'truth', 'constraints']
Chapter 34, chunk 1: domains missing; inferred ['psychology', 'truth', 'power']
Chapter 35, chunk 1: domains missing; inferred ['psychology', 'power', 'truth']
Chapter 1, chunk 1: domains missing; inferred ['strategy']
Chapter 2, chunk 1: domains missing; inferred ['psychology', 'truth', 'data']
Chapter 3, chunk 1: domains missing; inferred ['psychology', 'timing', 'truth']
Chapter 4, chunk 1: domains missing; inferred ['psychology', 'truth', 'base']
Chapter 5, chunk 1: domains missing; inferred ['psychology', 'truth', 'strategy']
Chapter 6, chunk 1: domains missing; inferred ['adaptation', 'psychology', 'power']
Chapter 7, chunk 1: domains missing; inferred ['truth', 'psychology', 'adaptation']
Chapter 8, chunk 1: domains missing; inferred ['psychology', 'truth', 'adaptation']
Chapter 10, chunk 1: domains missing; inferred ['psychology', 'truth', 'data']
Chapter 9, chunk 1: domains missing; inferred ['psychology', 'power', 'data']
Chapter 12, chunk 1: domains missing; inferred ['psychology', 'power', 'truth']
Chapter 11, chunk 1: domains missing; inferred ['psychology', 'base', 'timing']
Chapter 14, chunk 1: domains missing; inferred ['psychology', 'timing', 'truth']
Chapter 13, chunk 1: domains missing; inferred ['psychology', 'adaptation', 'truth']
Chapter 15, chunk 1: domains missing; inferred ['psychology', 'risk', 'truth']
Chapter 16, chunk 1: domains missing; inferred ['truth', 'base', 'discipline']
Chapter 17, chunk 1: domains missing; inferred ['psychology', 'timing', 'truth']
Chapter 18, chunk 1: domains missing; inferred ['psychology', 'truth', 'timing']
Chapter 19, chunk 1: domains missing; inferred ['psychology', 'base', 'truth']
Chapter 20, chunk 1: domains missing; inferred ['power', 'truth', 'discipline']
Chapter 22, chunk 1: domains missing; inferred ['psychology', 'base', 'strategy']
Chapter 23, chunk 1: domains missing; inferred ['psychology', 'base', 'power']
Chapter 24, chunk 1: domains missing; inferred ['psychology', 'power', 'truth']
Chapter 25, chunk 1: domains missing; inferred ['psychology', 'power', 'truth']
Chapter 26, chunk 1: domains missing; inferred ['psychology', 'truth', 'conflict']
Chapter 27, chunk 1: domains missing; inferred ['truth', 'power', 'base']
Chapter 28, chunk 1: domains missing; inferred ['psychology', 'power', 'discipline']
Chapter 29, chunk 1: domains missing; inferred ['psychology', 'truth', 'technology']
Chapter 30, chunk 1: domains missing; inferred ['psychology', 'truth', 'power']
Chapter 31, chunk 1: domains missing; inferred ['psychology', 'power', 'timing']
Chapter 32, chunk 1: domains missing; inferred ['psychology', 'base', 'power']
Chapter 34, chunk 1: domains missing; inferred ['psychology', 'truth', 'base']
Chapter 35, chunk 1: domains missing; inferred ['psychology', 'truth', 'power']
Chapter 36, chunk 1: domains missing; inferred ['psychology', 'power', 'base']
