Chapter 1, chunk 1: domains missing; inferred ['data', 'risk', 'registry']
Chapter 2, chunk 1: domains missing; inferred ['timing']
Chapter 2, chunk 1: domains missing; inferred ['data', 'risk', 'registry']
Chapter 3, chunk 1: domains missing; inferred ['technology']
Chapter 4, chunk 1: domains missing; inferred ['timing']
Chapter 5, chunk 1: domains missing; inferred ['timing', 'optionality', 'psychology']
Chapter 6, chunk 1: domains missing; inferred ['timing', 'psychology', 'power']
Chapter 5, chunk 1: domains missing; inferred ['timing', 'power', 'psychology']
Chapter 6, chunk 1: domains missing; inferred ['strategy']
Chapter 7, chunk 1: domains missing; inferred ['timing', 'risk', 'strategy']
Chapter 8, chunk 1: domains missing; inferred ['risk', 'strategy']
Chapter 7, chunk 1: domains missing; inferred ['timing', 'risk', 'strategy']
Chapter 8, chunk 1: domains missing; inferred ['discipline', 'timing', 'executor']
Chapter 9, chunk 1: domains missing; inferred ['timing', 'discipline', 'power']
Chapter 10, chunk 1: domains missing; inferred ['strategy']
Chapter 9, chunk 1: domains missing; inferred ['timing', 'risk', 'power']
Chapter 10, chunk 1: domains missing; inferred ['timing', 'optionality', 'technology']
Chapter 11, chunk 1: domains missing; inferred ['timing', 'technology']
Chapter 12, chunk 1: domains missing; inferred ['timing', 'optionality']
Chapter 12, chunk 1: domains missing; inferred ['timing']
Chapter 13, chunk 1: domains missing; inferred ['timing', 'power', 'conflict']
Chapter 14, chunk 1: domains missing; inferred ['timing']
Chapter 13, chunk 1: domains missing; inferred ['power', 'conflict', 'timing']
Chapter 14, chunk 1: domains missing; inferred ['timing']
Chapter 15, chunk 1: domains missing; inferred ['timing', 'strategy']
Chapter 16, chunk 1: domains missing; inferred ['timing', 'strategy']
Chapter 16, chunk 1: domains missing; inferred ['timing']
Chapter 17, chunk 1: domains missing; inferred ['timing']
Chapter 18, chunk 1: domains missing; inferred ['optionality', 'timing', 'truth']
Chapter 17, chunk 1: domains missing; inferred ['timing']
Chapter 1, chunk 1: domains missing; inferred ['data', 'risk', 'registry']
Chapter 2, chunk 1: domains missing; inferred ['technology']
Chapter 18, chunk 1: domains missing; inferred ['timing', 'strategy']
Chapter 19, chunk 1: domains missing; inferred ['timing', 'optionality', 'technology']
Chapter 20, chunk 1: domains missing; inferred ['timing']
Chapter 19, chunk 1: domains missing; inferred ['timing', 'strategy']
Chapter 3, chunk 1: domains missing; inferred ['timing', 'power', 'technology']
Chapter 4, chunk 1: domains missing; inferred ['timing', 'optionality', 'psychology']
Chapter 20, chunk 1: domains missing; inferred ['timing']
Chapter 21, chunk 1: domains missing; inferred ['timing', 'strategy', 'technology']
Chapter 22, chunk 1: domains missing; inferred ['strategy']
Chapter 21, chunk 1: domains missing; inferred ['timing']
Chapter 5, chunk 1: domains missing; inferred ['timing', 'psychology', 'power']
Chapter 7, chunk 1: domains missing; inferred ['timing', 'discipline', 'power']
Chapter 22, chunk 1: domains missing; inferred ['strategy']
Chapter 23, chunk 1: domains missing; inferred ['timing']
Chapter 24, chunk 1: domains missing; inferred ['timing']
Chapter 23, chunk 1: domains missing; inferred ['optionality', 'timing', 'truth']
Chapter 8, chunk 1: domains missing; inferred ['timing', 'constraints', 'risk']
Chapter 9, chunk 1: domains missing; inferred ['strategy']
Chapter 24, chunk 1: domains missing; inferred ['optionality']
Chapter 25, chunk 1: domains missing; inferred ['timing', 'technology']
Chapter 26, chunk 1: domains missing; inferred ['timing']
Chapter 25, chunk 1: domains missing; inferred ['timing', 'technology']
Chapter 10, chunk 1: domains missing; inferred ['timing', 'technology']
Chapter 11, chunk 1: domains missing; inferred ['timing', 'optionality']
Chapter 26, chunk 1: domains missing; inferred ['timing']
Chapter 27, chunk 1: domains missing; inferred ['timing', 'strategy']
Chapter 28, chunk 1: domains missing; inferred ['risk', 'timing']
Chapter 27, chunk 1: domains missing; inferred ['technology']
Chapter 12, chunk 1: domains missing; inferred ['timing']
Chapter 13, chunk 1: domains missing; inferred ['timing']
Chapter 28, chunk 1: domains missing; inferred ['timing', 'strategy', 'technology']
Chapter 29, chunk 1: domains missing; inferred ['technology', 'timing']
Chapter 30, chunk 1: domains missing; inferred ['strategy']
Chapter 29, chunk 1: domains missing; inferred ['timing', 'strategy']
Chapter 14, chunk 1: domains missing; inferred ['timing', 'power', 'conflict']
Chapter 15, chunk 1: domains missing; inferred ['timing', 'strategy']
Chapter 30, chunk 1: domains missing; inferred ['risk', 'timing']
Chapter 31, chunk 1: domains missing; inferred ['strategy']
Chapter 32, chunk 1: domains missing; inferred ['timing']
Chapter 31, chunk 1: domains missing; inferred ['technology', 'timing']
Chapter 16, chunk 1: domains missing; inferred ['timing']
Chapter 17, chunk 1: domains missing; inferred ['timing', 'optionality', 'technology']
Chapter 32, chunk 1: domains missing; inferred ['timing']
Chapter 33, chunk 1: domains missing; inferred ['strategy']
Chapter 33, chunk 1: domains missing; inferred ['strategy']
Chapter 19, chunk 1: domains missing; inferred ['technology']
Chapter 23, chunk 1: domains missing; inferred ['timing']
Chapter 24, chunk 1: domains missing; inferred ['timing', 'technology']
Chapter 26, chunk 1: domains missing; inferred ['risk', 'timing']
Chapter 28, chunk 1: domains missing; inferred ['timing']
Chapter 29, chunk 1: domains missing; inferred ['strategy']
