Chapter 2, chunk 1: domains missing; inferred ['strategy']
Chapter 1, chunk 1: domains missing; inferred ['registry']
Chapter 4, chunk 1: domains missing; inferred ['psychology', 'base']
Chapter 3, chunk 1: domains missing; inferred ['psychology', 'power']
Chapter 5, chunk 1: domains missing; inferred ['timing', 'truth', 'base']
Chapter 7, chunk 1: domains missing; inferred ['psychology', 'base', 'data']
Chapter 8, chunk 1: domains missing; inferred ['psychology', 'strategy', 'timing']
Chapter 9, chunk 1: domains missing; inferred ['psychology', 'timing', 'discipline']
Chapter 10, chunk 1: domains missing; inferred ['base', 'psychology', 'timing']
Chapter 11, chunk 1: domains missing; inferred ['psychology', 'data', 'timing']
Chapter 12, chunk 1: domains missing; inferred ['base', 'timing', 'truth']
Chapter 13, chunk 1: domains missing; inferred ['psychology', 'base', 'strategy']
Chapter 14, chunk 1: domains missing; inferred ['psychology', 'truth', 'timing']
Chapter 15, chunk 1: domains missing; inferred ['timing', 'truth', 'base']
Chapter 16, chunk 1: domains missing; inferred ['timing', 'psychology', 'power']
Chapter 17, chunk 1: domains missing; inferred ['power', 'discipline', 'strategy']
Chapter 18, chunk 1: domains missing; inferred ['timing', 'constraints', 'discipline']
Chapter 19, chunk 1: domains missing; inferred ['psychology', 'constraints', 'truth']
Chapter 21, chunk 1: domains missing; inferred ['psychology', 'timing', 'power']
Chapter 22, chunk 1: domains missing; inferred ['timing']
Chapter 23, chunk 1: domains missing; inferred ['timing', 'psychology', 'discipline']
Chapter 24, chunk 1: domains missing; inferred ['discipline', 'psychology', 'risk']
Chapter 25, chunk 1: domains missing; inferred ['psychology', 'discipline', 'timing']
Chapter 26, chunk 1: domains missing; inferred ['optionality', 'timing']
Chapter 27, chunk 1: domains missing; inferred ['psychology', 'truth', 'timing']
Chapter 28, chunk 1: domains missing; inferred ['base', 'power', 'psychology']
Chapter 30, chunk 1: domains missing; inferred ['timing', 'discipline', 'optionality']
Chapter 29, chunk 1: domains missing; inferred ['strategy']
Chapter 31, chunk 1: domains missing; inferred ['power', 'truth']
Chapter 32, chunk 1: domains missing; inferred ['psychology', 'discipline', 'optionality']
Chapter 33, chunk 1: domains missing; inferred ['timing', 'psychology', 'base']
Chapter 34, chunk 1: domains missing; inferred ['timing', 'discipline']
Chapter 35, chunk 1: domains missing; inferred ['psychology', 'timing']
Chapter 36, chunk 1: domains missing; inferred ['psychology', 'timing', 'legitimacy']
Chapter 37, chunk 1: domains missing; inferred ['discipline', 'timing', 'truth']
Chapter 38, chunk 1: domains missing; inferred ['truth', 'psychology', 'timing']
Chapter 39, chunk 1: domains missing; inferred ['psychology', 'discipline', 'base']
Chapter 40, chunk 1: domains missing; inferred ['base', 'psychology', 'power']
Chapter 41, chunk 1: domains missing; inferred ['psychology', 'risk', 'timing']
Chapter 42, chunk 1: domains missing; inferred ['psychology']
Chapter 43, chunk 1: domains missing; inferred ['timing', 'discipline', 'base']
Chapter 44, chunk 1: domains missing; inferred ['timing', 'base', 'truth']
Chapter 45, chunk 1: domains missing; inferred ['psychology', 'timing', 'risk']
Chapter 46, chunk 1: domains missing; inferred ['timing', 'psychology', 'base']
Chapter 47, chunk 1: domains missing; inferred ['timing', 'discipline', 'truth']
Chapter 48, chunk 1: domains missing; inferred ['constraints', 'psychology', 'timing']
Chapter 49, chunk 1: domains missing; inferred ['strategy', 'discipline', 'power']
Chapter 50, chunk 1: domains missing; inferred ['psychology']
Chapter 51, chunk 1: domains missing; inferred ['psychology', 'timing', 'power']
Chapter 52, chunk 1: domains missing; inferred ['strategy']
Chapter 53, chunk 1: domains missing; inferred ['psychology', 'timing', 'truth']
Chapter 54, chunk 1: domains missing; inferred ['psychology', 'base', 'discipline']
Chapter 56, chunk 1: domains missing; inferred ['data', 'psychology', 'registry']
