Chapter 1, chunk 1: domains missing; inferred ['strategy']
Chapter 4, chunk 1: domains missing; inferred ['executor', 'registry']
Chapter 5, chunk 1: domains missing; inferred ['data', 'registry']
Chapter 7, chunk 1: domains missing; inferred ['base']
Chapter 8, chunk 1: domains missing; inferred ['strategy']
Chapter 9, chunk 1: domains missing; inferred ['conflict', 'executor', 'strategy']
Chapter 11, chunk 1: domains missing; inferred ['strategy']
Chapter 12, chunk 1: domains missing; inferred ['power', 'executor', 'timing']
Chapter 13, chunk 1: domains missing; inferred ['registry', 'discipline', 'psychology']
Chapter 15, chunk 1: domains missing; inferred ['conflict', 'strategy']
Chapter 17, chunk 1: domains missing; inferred ['conflict', 'executor']
Chapter 18, chunk 1: domains missing; inferred ['base', 'constraints', 'registry']
Chapter 19, chunk 1: domains missing; inferred ['strategy', 'timing']
Chapter 20, chunk 1: domains missing; inferred ['strategy', 'adaptation', 'data']
Chapter 21, chunk 1: domains missing; inferred ['conflict']
Chapter 23, chunk 1: domains missing; inferred ['registry', 'executor']
Chapter 26, chunk 1: domains missing; inferred ['executor', 'psychology']
Chapter 27, chunk 1: domains missing; inferred ['registry', 'strategy']
Chapter 30, chunk 1: domains missing; inferred ['strategy', 'constraints']
Chapter 31, chunk 1: domains missing; inferred ['executor', 'strategy']
