Chapter 2, chunk 1: domains missing; inferred ['strategy', 'base', 'truth']
Chapter 1, chunk 1: domains missing; inferred ['strategy', 'timing', 'truth']
Chapter 3, chunk 1: domains missing; inferred ['discipline', 'power', 'strategy']
Chapter 5, chunk 1: domains missing; inferred ['timing', 'power', 'strategy']
Chapter 6, chunk 1: domains missing; inferred ['strategy', 'base', 'timing']
Chapter 7, chunk 1: domains missing; inferred ['power', 'timing', 'truth']
Chapter 8, chunk 1: domains missing; inferred ['timing', 'base', 'discipline']
Chapter 10, chunk 1: domains missing; inferred ['timing', 'power', 'constraints']
Chapter 11, chunk 1: domains missing; inferred ['constraints', 'timing']
Chapter 12, chunk 1: domains missing; inferred ['risk', 'truth', 'adaptation']
Chapter 13, chunk 1: domains missing; inferred ['timing', 'power']
Chapter 14, chunk 1: domains missing; inferred ['timing', 'power', 'risk']
Chapter 15, chunk 1: domains missing; inferred ['power', 'base', 'psychology']
Chapter 16, chunk 1: domains missing; inferred ['timing', 'base', 'strategy']
Chapter 2, chunk 1: domains missing; inferred ['strategy', 'base', 'truth']
Chapter 4, chunk 1: domains missing; inferred ['timing', 'base', 'diplomacy']
Chapter 18, chunk 1: domains missing; inferred ['strategy', 'base', 'power']
Chapter 5, chunk 1: domains missing; inferred ['timing', 'power', 'strategy']
Chapter 7, chunk 1: domains missing; inferred ['power', 'timing', 'truth']
Chapter 17, chunk 1: domains missing; inferred ['strategy']
Chapter 19, chunk 1: domains missing; inferred ['timing', 'truth', 'optionality']
Chapter 11, chunk 1: domains missing; inferred ['constraints', 'timing']
Chapter 9, chunk 1: domains missing; inferred ['truth', 'timing', 'risk']
Chapter 20, chunk 1: domains missing; inferred ['timing', 'truth']
Chapter 21, chunk 1: domains missing; inferred ['strategy', 'timing', 'base']
Chapter 12, chunk 1: domains missing; inferred ['risk', 'truth', 'adaptation']
Chapter 22, chunk 1: domains missing; inferred ['optionality', 'conflict', 'data']
Chapter 23, chunk 1: domains missing; inferred ['base', 'psychology', 'timing']
Chapter 14, chunk 1: domains missing; inferred ['timing', 'power', 'risk']
Chapter 15, chunk 1: domains missing; inferred ['power', 'base', 'psychology']
Chapter 24, chunk 1: domains missing; inferred ['timing', 'truth', 'strategy']
Chapter 16, chunk 1: domains missing; inferred ['timing', 'base', 'strategy']
Chapter 26, chunk 1: domains missing; inferred ['base', 'strategy', 'constraints']
Chapter 25, chunk 1: domains missing; inferred ['strategy']
Chapter 18, chunk 1: domains missing; inferred ['strategy', 'base', 'power']
Chapter 17, chunk 1: domains missing; inferred ['strategy']
Chapter 27, chunk 1: domains missing; inferred ['strategy', 'base', 'truth']
Chapter 28, chunk 1: domains missing; inferred ['strategy', 'timing', 'executor']
Chapter 19, chunk 1: domains missing; inferred ['timing', 'truth', 'optionality']
Chapter 20, chunk 1: domains missing; inferred ['timing', 'truth']
Chapter 29, chunk 1: domains missing; inferred ['timing', 'strategy', 'discipline']
Chapter 30, chunk 1: domains missing; inferred ['timing', 'optionality', 'power']
Chapter 21, chunk 1: domains missing; inferred ['strategy', 'timing', 'base']
Chapter 22, chunk 1: domains missing; inferred ['optionality', 'conflict', 'data']
Chapter 31, chunk 1: domains missing; inferred ['timing', 'truth', 'discipline']
Chapter 32, chunk 1: domains missing; inferred ['strategy', 'timing', 'base']
Chapter 23, chunk 1: domains missing; inferred ['base', 'psychology', 'timing']
Chapter 24, chunk 1: domains missing; inferred ['timing', 'truth', 'strategy']
Chapter 33, chunk 1: domains missing; inferred ['timing', 'power', 'strategy']
Chapter 34, chunk 1: domains missing; inferred ['truth', 'base', 'data']
Chapter 26, chunk 1: domains missing; inferred ['base', 'strategy', 'constraints']
Chapter 35, chunk 1: domains missing; inferred ['data', 'timing', 'diplomacy']
Chapter 36, chunk 1: domains missing; inferred ['timing', 'strategy', 'discipline']
Chapter 27, chunk 1: domains missing; inferred ['strategy', 'base', 'truth']
Chapter 37, chunk 1: domains missing; inferred ['timing', 'strategy', 'base']
Chapter 38, chunk 1: domains missing; inferred ['registry', 'truth', 'discipline']
Chapter 28, chunk 1: domains missing; inferred ['strategy', 'timing', 'executor']
Chapter 2, chunk 1: domains missing; inferred ['strategy', 'timing', 'truth']
Chapter 29, chunk 1: domains missing; inferred ['timing', 'strategy', 'discipline']
Chapter 39, chunk 1: domains missing; inferred ['timing', 'truth', 'conflict']
Chapter 40, chunk 1: domains missing; inferred ['base', 'discipline', 'power']
Chapter 1, chunk 1: domains missing; inferred ['registry']
Chapter 30, chunk 1: domains missing; inferred ['timing', 'optionality', 'power']
Chapter 3, chunk 1: domains missing; inferred ['strategy', 'base', 'power']
Chapter 31, chunk 1: domains missing; inferred ['timing', 'truth', 'discipline']
Chapter 41, chunk 1: domains missing; inferred ['strategy', 'discipline', 'power']
Chapter 42, chunk 1: domains missing; inferred ['strategy', 'technology', 'timing']
Chapter 4, chunk 1: domains missing; inferred ['strategy', 'timing', 'base']
Chapter 32, chunk 1: domains missing; inferred ['strategy', 'timing', 'base']
Chapter 5, chunk 1: domains missing; inferred ['power', 'strategy', 'timing']
Chapter 33, chunk 1: domains missing; inferred ['timing', 'power', 'strategy']
Chapter 43, chunk 1: domains missing; inferred ['executor', 'optionality', 'power']
Chapter 44, chunk 1: domains missing; inferred ['timing', 'power', 'risk']
Chapter 6, chunk 1: domains missing; inferred ['timing', 'power', 'base']
Chapter 34, chunk 1: domains missing; inferred ['truth', 'base', 'data']
Chapter 7, chunk 1: domains missing; inferred ['discipline', 'optionality', 'timing']
Chapter 35, chunk 1: domains missing; inferred ['data', 'timing', 'diplomacy']
Chapter 45, chunk 1: domains missing; inferred ['timing', 'discipline', 'power']
Chapter 46, chunk 1: domains missing; inferred ['timing', 'truth', 'base']
Chapter 8, chunk 1: domains missing; inferred ['strategy', 'timing', 'power']
Chapter 36, chunk 1: domains missing; inferred ['timing', 'strategy', 'discipline']
Chapter 9, chunk 1: domains missing; inferred ['base', 'timing', 'data']
Chapter 37, chunk 1: domains missing; inferred ['timing', 'strategy', 'base']
Chapter 47, chunk 1: domains missing; inferred ['data', 'base', 'timing']
Chapter 48, chunk 1: domains missing; inferred ['strategy', 'adaptation', 'psychology']
Chapter 10, chunk 1: domains missing; inferred ['power', 'timing', 'base']
Chapter 38, chunk 1: domains missing; inferred ['registry', 'truth', 'discipline']
Chapter 12, chunk 1: domains missing; inferred ['timing', 'power', 'risk']
Chapter 39, chunk 1: domains missing; inferred ['timing', 'truth', 'conflict']
Chapter 49, chunk 1: domains missing; inferred ['data', 'base', 'timing']
Chapter 50, chunk 1: domains missing; inferred ['data', 'strategy', 'base']
Chapter 13, chunk 1: domains missing; inferred ['power', 'strategy', 'timing']
Chapter 40, chunk 1: domains missing; inferred ['base', 'discipline', 'power']
Chapter 14, chunk 1: domains missing; inferred ['psychology', 'optionality', 'power']
Chapter 41, chunk 1: domains missing; inferred ['strategy', 'discipline', 'power']
Chapter 51, chunk 1: domains missing; inferred ['data', 'base', 'timing']
Chapter 52, chunk 1: domains missing; inferred ['data', 'executor', 'technology']
Chapter 15, chunk 1: domains missing; inferred ['base', 'power', 'strategy']
Chapter 42, chunk 1: domains missing; inferred ['strategy', 'technology', 'timing']
Chapter 16, chunk 1: domains missing; inferred ['strategy', 'timing', 'power']
Chapter 43, chunk 1: domains missing; inferred ['executor', 'optionality', 'power']
Chapter 53, chunk 1: domains missing; inferred ['data', 'technology', 'base']
Chapter 54, chunk 1: domains missing; inferred ['strategy', 'base', 'power']
Chapter 44, chunk 1: domains missing; inferred ['timing', 'power', 'risk']
Chapter 20, chunk 1: domains missing; inferred ['timing', 'truth', 'risk']
Chapter 45, chunk 1: domains missing; inferred ['timing', 'discipline', 'power']
Chapter 55, chunk 1: domains missing; inferred ['timing', 'risk', 'strategy']
Chapter 18, chunk 1: domains missing; inferred ['strategy']
Chapter 46, chunk 1: domains missing; inferred ['timing', 'truth', 'base']
Chapter 21, chunk 1: domains missing; inferred ['base', 'timing', 'data']
Chapter 47, chunk 1: domains missing; inferred ['data', 'base', 'timing']
Chapter 57, chunk 1: domains missing; inferred ['timing', 'conflict', 'constraints']
Chapter 56, chunk 1: domains missing; inferred ['executor', 'timing', 'strategy']
Chapter 22, chunk 1: domains missing; inferred ['timing', 'truth', 'strategy']
Chapter 48, chunk 1: domains missing; inferred ['strategy', 'adaptation', 'psychology']
Chapter 49, chunk 1: domains missing; inferred ['data', 'base', 'timing']
Chapter 58, chunk 1: domains missing; inferred ['power', 'timing', 'strategy']
Chapter 59, chunk 1: domains missing; inferred ['discipline', 'psychology']
Chapter 24, chunk 1: domains missing; inferred ['strategy']
Chapter 23, chunk 1: domains missing; inferred ['strategy']
Chapter 50, chunk 1: domains missing; inferred ['data', 'strategy', 'base']
Chapter 51, chunk 1: domains missing; inferred ['data', 'base', 'timing']
Chapter 60, chunk 1: domains missing; inferred ['timing', 'psychology', 'strategy']
Chapter 61, chunk 1: domains missing; inferred ['truth', 'discipline', 'power']
Chapter 25, chunk 1: domains missing; inferred ['base', 'registry', 'strategy']
Chapter 26, chunk 1: domains missing; inferred ['base', 'constraints', 'executor']
Chapter 52, chunk 1: domains missing; inferred ['data', 'executor', 'technology']
Chapter 53, chunk 1: domains missing; inferred ['data', 'technology', 'base']
Chapter 62, chunk 1: domains missing; inferred ['psychology', 'timing', 'power']
Chapter 63, chunk 1: domains missing; inferred ['diplomacy', 'timing', 'truth']
Chapter 27, chunk 1: domains missing; inferred ['base', 'data', 'discipline']
Chapter 28, chunk 1: domains missing; inferred ['timing', 'data', 'base']
Chapter 54, chunk 1: domains missing; inferred ['strategy', 'base', 'power']
Chapter 55, chunk 1: domains missing; inferred ['timing', 'risk', 'strategy']
Chapter 64, chunk 1: domains missing; inferred ['diplomacy', 'timing', 'power']
Chapter 65, chunk 1: domains missing; inferred ['power', 'optionality', 'base']
Chapter 29, chunk 1: domains missing; inferred ['strategy', 'timing', 'truth']
Chapter 30, chunk 1: domains missing; inferred ['strategy', 'data']
Chapter 57, chunk 1: domains missing; inferred ['timing', 'conflict', 'constraints']
Chapter 66, chunk 1: domains missing; inferred ['power', 'timing', 'base']
Chapter 67, chunk 1: domains missing; inferred ['timing', 'discipline', 'psychology']
Chapter 31, chunk 1: domains missing; inferred ['timing', 'optionality', 'base']
Chapter 56, chunk 1: domains missing; inferred ['executor', 'timing', 'strategy']
Chapter 32, chunk 1: domains missing; inferred ['timing', 'base', 'discipline']
Chapter 58, chunk 1: domains missing; inferred ['power', 'timing', 'strategy']
Chapter 68, chunk 1: domains missing; inferred ['timing', 'constraints', 'data']
Chapter 33, chunk 1: domains missing; inferred ['timing', 'base', 'power']
Chapter 59, chunk 1: domains missing; inferred ['discipline', 'psychology']
Chapter 34, chunk 1: domains missing; inferred ['psychology', 'constraints', 'timing']
Chapter 60, chunk 1: domains missing; inferred ['timing', 'psychology', 'strategy']
Chapter 69, chunk 1: domains missing; inferred ['psychology', 'risk', 'discipline']
Chapter 35, chunk 1: domains missing; inferred ['timing', 'power', 'strategy']
Chapter 61, chunk 1: domains missing; inferred ['truth', 'discipline', 'power']
Chapter 36, chunk 1: domains missing; inferred ['timing', 'power', 'strategy']
Chapter 62, chunk 1: domains missing; inferred ['psychology', 'timing', 'power']
Chapter 70, chunk 1: domains missing; inferred ['power', 'strategy', 'base']
Chapter 71, chunk 1: domains missing; inferred ['optionality', 'power', 'data']
Chapter 37, chunk 1: domains missing; inferred ['timing', 'strategy', 'discipline']
Chapter 63, chunk 1: domains missing; inferred ['diplomacy', 'timing', 'truth']
Chapter 38, chunk 1: domains missing; inferred ['timing', 'registry', 'truth']
Chapter 64, chunk 1: domains missing; inferred ['diplomacy', 'timing', 'power']
Chapter 72, chunk 1: domains missing; inferred ['strategy', 'timing', 'base']
Chapter 39, chunk 1: domains missing; inferred ['timing', 'psychology']
Chapter 65, chunk 1: domains missing; inferred ['power', 'optionality', 'base']
Chapter 40, chunk 1: domains missing; inferred ['timing', 'truth', 'executor']
Chapter 66, chunk 1: domains missing; inferred ['power', 'timing', 'base']
Chapter 74, chunk 1: domains missing; inferred ['data', 'strategy', 'registry']
Chapter 73, chunk 1: domains missing; inferred ['registry']
Chapter 41, chunk 1: domains missing; inferred ['base', 'discipline', 'power']
Chapter 67, chunk 1: domains missing; inferred ['timing', 'discipline', 'psychology']
Chapter 42, chunk 1: domains missing; inferred ['power', 'discipline', 'registry']
Chapter 68, chunk 1: domains missing; inferred ['timing', 'constraints', 'data']
Chapter 44, chunk 1: domains missing; inferred ['strategy', 'timing', 'optionality']
Chapter 45, chunk 1: domains missing; inferred ['technology', 'executor', 'strategy']
Chapter 69, chunk 1: domains missing; inferred ['psychology', 'risk', 'discipline']
Chapter 46, chunk 1: domains missing; inferred ['timing', 'power', 'base']
Chapter 70, chunk 1: domains missing; inferred ['power', 'strategy', 'base']
Chapter 47, chunk 1: domains missing; inferred ['timing', 'strategy', 'constraints']
Chapter 71, chunk 1: domains missing; inferred ['optionality', 'power', 'data']
Chapter 48, chunk 1: domains missing; inferred ['timing', 'truth', 'power']
Chapter 72, chunk 1: domains missing; inferred ['strategy', 'timing', 'base']
Chapter 49, chunk 1: domains missing; inferred ['executor', 'optionality', 'registry']
Chapter 50, chunk 1: domains missing; inferred ['timing', 'discipline', 'power']
Chapter 74, chunk 1: domains missing; inferred ['data', 'strategy', 'registry']
Chapter 73, chunk 1: domains missing; inferred ['registry']
Chapter 51, chunk 1: domains missing; inferred ['timing', 'strategy', 'optionality']
Chapter 52, chunk 1: domains missing; inferred ['registry', 'discipline', 'timing']
Chapter 54, chunk 1: domains missing; inferred ['timing', 'risk', 'strategy']
Chapter 55, chunk 1: domains missing; inferred ['data', 'base', 'strategy']
Chapter 56, chunk 1: domains missing; inferred ['data', 'timing', 'base']
Chapter 57, chunk 1: domains missing; inferred ['data', 'timing', 'base']
Chapter 58, chunk 1: domains missing; inferred ['data', 'executor', 'timing']
Chapter 59, chunk 1: domains missing; inferred ['data', 'technology', 'base']
Chapter 60, chunk 1: domains missing; inferred ['strategy', 'base', 'power']
Chapter 62, chunk 1: domains missing; inferred ['timing', 'base', 'executor']
Chapter 63, chunk 1: domains missing; inferred ['power']
Chapter 64, chunk 1: domains missing; inferred ['timing', 'power', 'conflict']
Chapter 65, chunk 1: domains missing; inferred ['timing', 'psychology', 'strategy']
Chapter 66, chunk 1: domains missing; inferred ['timing', 'strategy', 'power']
Chapter 69, chunk 1: domains missing; inferred ['diplomacy', 'data', 'power']
Chapter 70, chunk 1: domains missing; inferred ['timing', 'diplomacy', 'truth']
Chapter 71, chunk 1: domains missing; inferred ['timing', 'base', 'data']
Chapter 72, chunk 1: domains missing; inferred ['diplomacy', 'base', 'data']
Chapter 73, chunk 1: domains missing; inferred ['power', 'conflict', 'optionality']
Chapter 74, chunk 1: domains missing; inferred ['power', 'optionality', 'base']
Chapter 75, chunk 1: domains missing; inferred ['power', 'timing', 'optionality']
Chapter 76, chunk 1: domains missing; inferred ['power', 'timing', 'data']
Chapter 77, chunk 1: domains missing; inferred ['timing', 'base', 'power']
Chapter 78, chunk 1: domains missing; inferred ['diplomacy', 'power', 'strategy']
Chapter 80, chunk 1: domains missing; inferred ['timing', 'psychology', 'discipline']
Chapter 81, chunk 1: domains missing; inferred ['power', 'strategy', 'timing']
Chapter 82, chunk 1: domains missing; inferred ['optionality', 'power']
Chapter 83, chunk 1: domains missing; inferred ['strategy', 'timing', 'base']
